<?xml version="1.0" encoding="UTF-8"?>
<testsuite xmlns:xsi="http://www.w3.org/2001/XMLSchema-instance" xsi:noNamespaceSchemaLocation="https://maven.apache.org/surefire/maven-surefire-plugin/xsd/surefire-test-report-3.0.xsd" version="3.0" name="budgettracker.BudgetTrackerTest" time="0.08" tests="10" errors="0" skipped="0" failures="0">
  <properties>
[...]
</properties>
  <testcase name="testBudgetArrayLimits" classname="budgettracker.BudgetTrackerTest" time="0.023"/>
  <testcase name="testSortByDate" classname="budgettracker.BudgetTrackerTest" time="0.002"/>
  <testcase name="testFunctionalInterfaceFilter" classname="budgettracker.BudgetTrackerTest" time="0.002"/>
  <testcase name="testCalculateBalance" classname="budgettracker.BudgetTrackerTest" time="0.003"/>
  <testcase name="testCustomException" classname="budgettracker.BudgetTrackerTest" time="0.002"/>
  <testcase name="testSpendingByCategory" classname="budgettracker.BudgetTrackerTest" time="0.004"/>
  <testcase name="testGenerateReport" classname="budgettracker.BudgetTrackerTest" time="0.002"/>
  <testcase name="testPolymorphism" classname="budgettracker.BudgetTrackerTest" time="0.0"/>
  <testcase name="testFileIO" classname="budgettracker.BudgetTrackerTest" time="0.005"/>
  <testcase name="testRecursiveSum" classname="budgettracker.BudgetTrackerTest" time="0.001"/>
</testsuite>